<?xml version="1.0" encoding="UTF-8"?>
<testsuite xmlns:xsi="http://www.w3.org/2001/XMLSchema-instance" xsi:noNamespaceSchemaLocation="https://maven.apache.org/surefire/maven-surefire-plugin/xsd/surefire-test-report-3.0.xsd" version="3.0" name="dao.cliente.TestRAFClienteDAO" time="0.461" tests="10" errors="0" skipped="0" failures="0">
  <properties>
[...]
</properties>
  <testcase name="testAplicarFiltrParametrizadoRAF(String, String, String)[1]" classname="dao.cliente.TestRAFClienteDAO" time="0.178">
    <system-err><![CDATA[mai. 02, 2025 10:26:29 PM dao.cliente.RAFClienteDAO aplicarFiltroId
SEVERE: Problema de io no arquivo em aplicar filtro no id:java.io.IOException: Stream Closed
]]></system-err>
  </testcase>
  <testcase name="testAplicarFiltrParametrizadoRAF(String, String, String)[2]" classname="dao.cliente.TestRAFClienteDAO" time="0.012">
    <system-err><![CDATA[mai. 02, 2025 10:26:29 PM dao.cliente.RAFClienteDAO aplicarFiltroNome
SEVERE: Problema de io no arquivo em aplicar filtro no nome:java.io.IOException: Stream Closed
]]></system-err>
  </testcase>
  <testcase name="testAplicarFiltrParametrizadoRAF(String, String, String)[3]" classname="dao.cliente.TestRAFClienteDAO" time="0.005">
    <system-err><![CDATA[mai. 02, 2025 10:26:29 PM dao.cliente.RAFClienteDAO aplicarFiltroCpf
SEVERE: Problema de io no arquivo em aplicar filtro no cpf:java.io.IOException: Stream Closed
]]></system-err>
  </testcase>
  <testcase name="testGetListaRAF" classname="dao.cliente.TestRAFClienteDAO" time="0.004">
    <system-err><![CDATA[mai. 02, 2025 10:26:29 PM dao.cliente.RAFClienteDAO getLista
SEVERE: Problema de io no arquivo em getLista:java.io.IOException: Stream Closed
]]></system-err>
  </testcase>
  <testcase name="testAlteracaRAF" classname="dao.cliente.TestRAFClienteDAO" time="0.003">
    <system-err><![CDATA[mai. 02, 2025 10:26:29 PM dao.cliente.RAFClienteDAO procurarCodigo
SEVERE: Problema de io no arquivo em procurar por código:java.io.IOException: Stream Closed
]]></system-err>
  </testcase>
  <testcase name="testExclusaoRegistoRAF" classname="dao.cliente.TestRAFClienteDAO" time="0.004">
    <system-err><![CDATA[mai. 02, 2025 10:26:29 PM dao.cliente.RAFClienteDAO excluirRegistro
SEVERE: Problema de io no arquivo em excluir:java.io.IOException: Stream Closed
]]></system-err>
  </testcase>
  <testcase name="testInclusaoRAF" classname="dao.cliente.TestRAFClienteDAO" time="0.003">
    <system-err><![CDATA[mai. 02, 2025 10:26:29 PM dao.cliente.RAFClienteDAO procurarCodigo
SEVERE: Problema de io no arquivo em procurar por código:java.io.IOException: Stream Closed
mai. 02, 2025 10:26:29 PM dao.cliente.RAFClienteDAO inserir
SEVERE: Problema em inserir o registro!java.io.IOException: Stream Closed
]]></system-err>
  </testcase>
  <testcase name="testAlteracaRegistoRAF" classname="dao.cliente.TestRAFClienteDAO" time="0.003">
    <system-err><![CDATA[mai. 02, 2025 10:26:29 PM dao.cliente.RAFClienteDAO alterarRegistro
SEVERE: Problema de io no arquivo em alterar:java.io.IOException: Stream Closed
]]></system-err>
  </testcase>
  <testcase name="testAbrirArquivo" classname="dao.cliente.TestRAFClienteDAO" time="0.005">
    <system-err><![CDATA[mai. 02, 2025 10:26:29 PM dao.cliente.RAFClienteDAO abrirArquivo
SEVERE: Problema em abrir o arquivo!java.io.FileNotFoundException: tes\te\.txt (O sistema não pode encontrar o caminho especificado)
]]></system-err>
  </testcase>
  <testcase name="testExclusaoRAF" classname="dao.cliente.TestRAFClienteDAO" time="0.003">
    <system-err><![CDATA[mai. 02, 2025 10:26:29 PM dao.cliente.RAFClienteDAO procurarCodigo
SEVERE: Problema de io no arquivo em procurar por código:java.io.IOException: Stream Closed
]]></system-err>
  </testcase>
</testsuite>